<?xml version="1.0" encoding="UTF-8"?>
<!-- Generated by org.testng.reporters.JUnitReportReporter -->
<testsuite skipped="0" hostname="DESKTOP-TBO8PDT" name="test.Test99GuruLoginWithPageFactory" tests="1" failures="0" timestamp="28 Jul 2018 22:03:21 GMT" time="1.327" errors="0">
  <testcase name="test_Home_Page_Appear_Correct" time="1.327" classname="test.Test99GuruLoginWithPageFactory"/>
</testsuite> <!-- test.Test99GuruLoginWithPageFactory -->
